<?xml version="1.0" encoding="UTF-8"?>
<testsuite xmlns:xsi="http://www.w3.org/2001/XMLSchema-instance" xsi:noNamespaceSchemaLocation="https://maven.apache.org/surefire/maven-surefire-plugin/xsd/surefire-test-report.xsd" name="UserCreationTest" time="8.609" tests="10" errors="0" skipped="0" failures="0">
  <properties>
[...]
</properties>
  <testcase name="userAuthorizationWrongPasswordTest" classname="UserCreationTest" time="0.969"/>
  <testcase name="userChangesEmailNotTokenTest" classname="UserCreationTest" time="0.92"/>
  <testcase name="userAuthorizationWrongLoginTest" classname="UserCreationTest" time="0.944"/>
  <testcase name="userChangesNameTest" classname="UserCreationTest" time="1.038"/>
  <testcase name="userChangesEmailTest" classname="UserCreationTest" time="1.024"/>
  <testcase name="userProtectionDataTest" classname="UserCreationTest" time="1.013"/>
  <testcase name="userDuplicateTest" classname="UserCreationTest" time="0.91"/>
  <testcase name="userNotPasswordTest" classname="UserCreationTest" time="0.236"/>
  <testcase name="userCreationNew" classname="UserCreationTest" time="0.63"/>
  <testcase name="userChangesNameNotTokenTest" classname="UserCreationTest" time="0.91"/>
</testsuite>